
> frontend@0.1.0 start
> react-scripts start

Starting the development server...

Failed to compile.

Syntax error: F:\projects\kubemind-ai\frontend\src\index.css Unexpected } (112:1)
 [90m 110 | [39m  --shadow-glow[33m:[39m  0 0 60px [36mrgba[39m[36m(255,140,0,0.1)[39m, 0 0 30px [36mrgba[39m[36m(255,140,0,0.05)[39m[33m;[39m
 [90m 111 | [39m[33m}[39m
[1m[31m>[39m[22m[90m 112 | [39m[33m}[39m
 [90m     | [39m[1m[31m^[39m[22m
 [90m 113 | [39m
 [90m 114 | [39mhtml [33m{[39m
[1m[33mWARNING[39m[22m in [1m[eslint] 
src\components\ActivityFeed.jsx
  Line 20:6:  React Hook useEffect has a missing dependency: 'apiBase'. Either include it or remove the dependency array  react-hooks/exhaustive-deps

src\components\ChaosControl.jsx
  Line 24:6:   React Hook useEffect has a missing dependency: 'apiBase'. Either include it or remove the dependency array  react-hooks/exhaustive-deps
  Line 43:13:  'd' is assigned a value but never used                                                                      no-unused-vars

src\components\CorrelationMatrix.jsx
  Line 17:6:  React Hook useEffect has a missing dependency: 'apiBase'. Either include it or remove the dependency array  react-hooks/exhaustive-deps

src\components\ForecastPanel.jsx
  Line 18:6:  React Hook useEffect has a missing dependency: 'apiBase'. Either include it or remove the dependency array  react-hooks/exhaustive-deps

src\components\HealthScore.jsx
  Line 17:6:  React Hook useEffect has a missing dependency: 'apiBase'. Either include it or remove the dependency array  react-hooks/exhaustive-deps

src\components\RecommendationsPanel.jsx
  Line 21:6:  React Hook useEffect has a missing dependency: 'apiBase'. Either include it or remove the dependency array  react-hooks/exhaustive-deps

[39m[22m

[1m[31mERROR[39m[22m in [1m./src/index.css[39m[22m (./node_modules/css-loader/dist/cjs.js??ruleSet[1].rules[1].oneOf[5].use[1]!./node_modules/postcss-loader/dist/cjs.js??ruleSet[1].rules[1].oneOf[5].use[2]!./node_modules/source-map-loader/dist/cjs.js!./src/index.css)
Module build failed (from ./node_modules/postcss-loader/dist/cjs.js):
SyntaxError

(112:1) F:\projects\kubemind-ai\frontend\src\index.css Unexpected }

 [90m 110 | [39m  --shadow-glow[33m:[39m  0 0 60px [36mrgba[39m[36m(255,140,0,0.1)[39m, 0 0 30px [36mrgba[39m[36m(255,140,0,0.05)[39m[33m;[39m
 [90m 111 | [39m[33m}[39m
[1m[31m>[39m[22m[90m 112 | [39m[33m}[39m
 [90m     | [39m[1m[31m^[39m[22m
 [90m 113 | [39m
 [90m 114 | [39mhtml [33m{[39m

webpack compiled with [1m[31m1 error[39m[22m and [1m[33m1 warning[39m[22m
Compiling...
Failed to compile.

Syntax error: F:\projects\kubemind-ai\frontend\src\index.css Unexpected } (112:1)
 [90m 110 | [39m  --shadow-glow[33m:[39m  0 0 60px [36mrgba[39m[36m(255,140,0,0.1)[39m, 0 0 30px [36mrgba[39m[36m(255,140,0,0.05)[39m[33m;[39m
 [90m 111 | [39m[33m}[39m
[1m[31m>[39m[22m[90m 112 | [39m[33m}[39m
 [90m     | [39m[1m[31m^[39m[22m
 [90m 113 | [39m
 [90m 114 | [39mhtml [33m{[39m
[1m[33mWARNING[39m[22m in [1m[eslint] 
src\components\ActivityFeed.jsx
  Line 20:6:  React Hook useEffect has a missing dependency: 'apiBase'. Either include it or remove the dependency array  react-hooks/exhaustive-deps

src\components\ChaosControl.jsx
  Line 24:6:   React Hook useEffect has a missing dependency: 'apiBase'. Either include it or remove the dependency array  react-hooks/exhaustive-deps
  Line 43:13:  'd' is assigned a value but never used                                                                      no-unused-vars

src\components\CorrelationMatrix.jsx
  Line 17:6:  React Hook useEffect has a missing dependency: 'apiBase'. Either include it or remove the dependency array  react-hooks/exhaustive-deps

src\components\ForecastPanel.jsx
  Line 18:6:  React Hook useEffect has a missing dependency: 'apiBase'. Either include it or remove the dependency array  react-hooks/exhaustive-deps

src\components\HealthScore.jsx
  Line 17:6:  React Hook useEffect has a missing dependency: 'apiBase'. Either include it or remove the dependency array  react-hooks/exhaustive-deps

src\components\RecommendationsPanel.jsx
  Line 21:6:  React Hook useEffect has a missing dependency: 'apiBase'. Either include it or remove the dependency array  react-hooks/exhaustive-deps

[39m[22m

[1m[31mERROR[39m[22m in [1m./src/index.css[39m[22m (./node_modules/css-loader/dist/cjs.js??ruleSet[1].rules[1].oneOf[5].use[1]!./node_modules/postcss-loader/dist/cjs.js??ruleSet[1].rules[1].oneOf[5].use[2]!./node_modules/source-map-loader/dist/cjs.js!./src/index.css)
Module build failed (from ./node_modules/postcss-loader/dist/cjs.js):
SyntaxError

(112:1) F:\projects\kubemind-ai\frontend\src\index.css Unexpected }

 [90m 110 | [39m  --shadow-glow[33m:[39m  0 0 60px [36mrgba[39m[36m(255,140,0,0.1)[39m, 0 0 30px [36mrgba[39m[36m(255,140,0,0.05)[39m[33m;[39m
 [90m 111 | [39m[33m}[39m
[1m[31m>[39m[22m[90m 112 | [39m[33m}[39m
 [90m     | [39m[1m[31m^[39m[22m
 [90m 113 | [39m
 [90m 114 | [39mhtml [33m{[39m

webpack compiled with [1m[31m1 error[39m[22m and [1m[33m1 warning[39m[22m
Compiling...
Compiled with warnings.

[eslint] 
src\components\ActivityFeed.jsx
  Line 20:6:  React Hook useEffect has a missing dependency: 'apiBase'. Either include it or remove the dependency array  react-hooks/exhaustive-deps

src\components\ChaosControl.jsx
  Line 24:6:   React Hook useEffect has a missing dependency: 'apiBase'. Either include it or remove the dependency array  react-hooks/exhaustive-deps
  Line 43:13:  'd' is assigned a value but never used                                                                      no-unused-vars

src\components\CorrelationMatrix.jsx
  Line 17:6:  React Hook useEffect has a missing dependency: 'apiBase'. Either include it or remove the dependency array  react-hooks/exhaustive-deps

src\components\ForecastPanel.jsx
  Line 18:6:  React Hook useEffect has a missing dependency: 'apiBase'. Either include it or remove the dependency array  react-hooks/exhaustive-deps

src\components\HealthScore.jsx
  Line 17:6:  React Hook useEffect has a missing dependency: 'apiBase'. Either include it or remove the dependency array  react-hooks/exhaustive-deps

src\components\RecommendationsPanel.jsx
  Line 21:6:  React Hook useEffect has a missing dependency: 'apiBase'. Either include it or remove the dependency array  react-hooks/exhaustive-deps

Search for the keywords to learn more about each warning.
To ignore, add // eslint-disable-next-line to the line before.

[1m[33mWARNING[39m[22m in [1m[eslint] 
src\components\ActivityFeed.jsx
  Line 20:6:  React Hook useEffect has a missing dependency: 'apiBase'. Either include it or remove the dependency array  react-hooks/exhaustive-deps

src\components\ChaosControl.jsx
  Line 24:6:   React Hook useEffect has a missing dependency: 'apiBase'. Either include it or remove the dependency array  react-hooks/exhaustive-deps
  Line 43:13:  'd' is assigned a value but never used                                                                      no-unused-vars

src\components\CorrelationMatrix.jsx
  Line 17:6:  React Hook useEffect has a missing dependency: 'apiBase'. Either include it or remove the dependency array  react-hooks/exhaustive-deps

src\components\ForecastPanel.jsx
  Line 18:6:  React Hook useEffect has a missing dependency: 'apiBase'. Either include it or remove the dependency array  react-hooks/exhaustive-deps

src\components\HealthScore.jsx
  Line 17:6:  React Hook useEffect has a missing dependency: 'apiBase'. Either include it or remove the dependency array  react-hooks/exhaustive-deps

src\components\RecommendationsPanel.jsx
  Line 21:6:  React Hook useEffect has a missing dependency: 'apiBase'. Either include it or remove the dependency array  react-hooks/exhaustive-deps

[39m[22m

webpack compiled with [1m[33m1 warning[39m[22m
Compiling...
Compiled with warnings.

[eslint] 
src\components\ActivityFeed.jsx
  Line 20:6:  React Hook useEffect has a missing dependency: 'apiBase'. Either include it or remove the dependency array  react-hooks/exhaustive-deps

src\components\ChaosControl.jsx
  Line 24:6:   React Hook useEffect has a missing dependency: 'apiBase'. Either include it or remove the dependency array  react-hooks/exhaustive-deps
  Line 43:13:  'd' is assigned a value but never used                                                                      no-unused-vars

src\components\CorrelationMatrix.jsx
  Line 17:6:  React Hook useEffect has a missing dependency: 'apiBase'. Either include it or remove the dependency array  react-hooks/exhaustive-deps

src\components\ForecastPanel.jsx
  Line 18:6:  React Hook useEffect has a missing dependency: 'apiBase'. Either include it or remove the dependency array  react-hooks/exhaustive-deps

src\components\HealthScore.jsx
  Line 17:6:  React Hook useEffect has a missing dependency: 'apiBase'. Either include it or remove the dependency array  react-hooks/exhaustive-deps

src\components\RecommendationsPanel.jsx
  Line 21:6:  React Hook useEffect has a missing dependency: 'apiBase'. Either include it or remove the dependency array  react-hooks/exhaustive-deps

Search for the keywords to learn more about each warning.
To ignore, add // eslint-disable-next-line to the line before.

[1m[33mWARNING[39m[22m in [1m[eslint] 
src\components\ActivityFeed.jsx
  Line 20:6:  React Hook useEffect has a missing dependency: 'apiBase'. Either include it or remove the dependency array  react-hooks/exhaustive-deps

src\components\ChaosControl.jsx
  Line 24:6:   React Hook useEffect has a missing dependency: 'apiBase'. Either include it or remove the dependency array  react-hooks/exhaustive-deps
  Line 43:13:  'd' is assigned a value but never used                                                                      no-unused-vars

src\components\CorrelationMatrix.jsx
  Line 17:6:  React Hook useEffect has a missing dependency: 'apiBase'. Either include it or remove the dependency array  react-hooks/exhaustive-deps

src\components\ForecastPanel.jsx
  Line 18:6:  React Hook useEffect has a missing dependency: 'apiBase'. Either include it or remove the dependency array  react-hooks/exhaustive-deps

src\components\HealthScore.jsx
  Line 17:6:  React Hook useEffect has a missing dependency: 'apiBase'. Either include it or remove the dependency array  react-hooks/exhaustive-deps

src\components\RecommendationsPanel.jsx
  Line 21:6:  React Hook useEffect has a missing dependency: 'apiBase'. Either include it or remove the dependency array  react-hooks/exhaustive-deps

[39m[22m

webpack compiled with [1m[33m1 warning[39m[22m
